#-----------------------------------------------------------
# Vivado v2018.3 (64-bit)
# SW Build 2405991 on Thu Dec  6 23:38:27 MST 2018
# IP Build 2404404 on Fri Dec  7 01:43:56 MST 2018
# Start of session at: Fri Aug 19 09:19:12 2022
# Process ID: 20040
# Current directory: C:/Users/ANDRES ESCOBAR/Documents/5to Semestre/Circuitos Digitales/Laboratorios/Lab_2 2/Lab_2 2
# Command line: vivado.exe -gui_launcher_event rodinguilauncherevent20068 C:\Users\ANDRES ESCOBAR\Documents\5to Semestre\Circuitos Digitales\Laboratorios\Lab_2 2\Lab_2 2\Lab_2 2.xpr
# Log file: C:/Users/ANDRES ESCOBAR/Documents/5to Semestre/Circuitos Digitales/Laboratorios/Lab_2 2/Lab_2 2/vivado.log
# Journal file: C:/Users/ANDRES ESCOBAR/Documents/5to Semestre/Circuitos Digitales/Laboratorios/Lab_2 2/Lab_2 2\vivado.jou
#-----------------------------------------------------------
start_gui
open_project {C:/Users/ANDRES ESCOBAR/Documents/5to Semestre/Circuitos Digitales/Laboratorios/Lab_2 2/Lab_2 2/Lab_2 2.xpr}
INFO: [ProjectBase 1-489] The host OS only allows 260 characters in a normal path. The project is stored in a path with more than 80 characters. If you experience issues with IP, Block Designs, or files not being found, please consider moving the project to a location with a shorter path. Alternately consider using the OS subst command to map part of the path to a drive letter.
Current project path is 'C:/Users/ANDRES ESCOBAR/Documents/5to Semestre/Circuitos Digitales/Laboratorios/Lab_2 2/Lab_2 2'
INFO: [Project 1-313] Project file moved from 'C:/Users/Rodrigo Herrera/Desktop/Lab_2 2' since last save.
Scanning sources...
Finished scanning sources
INFO: [IP_Flow 19-234] Refreshing IP repositories
INFO: [IP_Flow 19-1704] No user IP repositories specified
INFO: [IP_Flow 19-2313] Loaded Vivado IP repository 'C:/Xilinx/Vivado/2018.3/data/ip'.
update_compile_order -fileset sources_1
update_compile_order -fileset sim_1
open_project {C:/Users/ANDRES ESCOBAR/project_lab1_Sum/project_lab1_Sum.xpr}
Scanning sources...
Finished scanning sources
INFO: [IP_Flow 19-234] Refreshing IP repositories
INFO: [IP_Flow 19-1704] No user IP repositories specified
INFO: [IP_Flow 19-2313] Loaded Vivado IP repository 'C:/Xilinx/Vivado/2018.3/data/ip'.
update_compile_order -fileset sources_1
synth_design -rtl -name rtl_1
Command: synth_design -rtl -name rtl_1
Starting synth_design
Using part: xc7z020clg484-1
Top: lab1_D
---------------------------------------------------------------------------------
Starting RTL Elaboration : Time (s): cpu = 00:00:02 ; elapsed = 00:00:02 . Memory (MB): peak = 828.238 ; gain = 82.746
---------------------------------------------------------------------------------
INFO: [Synth 8-638] synthesizing module 'lab1_D' [C:/Users/ANDRES ESCOBAR/project_lab1_Sum/project_lab1_Sum.srcs/sources_1/new/lab1_D.vhd:42]
INFO: [Synth 8-256] done synthesizing module 'lab1_D' (1#1) [C:/Users/ANDRES ESCOBAR/project_lab1_Sum/project_lab1_Sum.srcs/sources_1/new/lab1_D.vhd:42]
---------------------------------------------------------------------------------
Finished RTL Elaboration : Time (s): cpu = 00:00:02 ; elapsed = 00:00:02 . Memory (MB): peak = 885.469 ; gain = 139.977
---------------------------------------------------------------------------------

Report Check Netlist: 
+------+------------------+-------+---------+-------+------------------+
|      |Item              |Errors |Warnings |Status |Description       |
+------+------------------+-------+---------+-------+------------------+
|1     |multi_driven_nets |      0|        0|Passed |Multi driven nets |
+------+------------------+-------+---------+-------+------------------+
---------------------------------------------------------------------------------
Start Handling Custom Attributes
---------------------------------------------------------------------------------
---------------------------------------------------------------------------------
Finished Handling Custom Attributes : Time (s): cpu = 00:00:02 ; elapsed = 00:00:02 . Memory (MB): peak = 885.469 ; gain = 139.977
---------------------------------------------------------------------------------
---------------------------------------------------------------------------------
Finished RTL Optimization Phase 1 : Time (s): cpu = 00:00:02 ; elapsed = 00:00:02 . Memory (MB): peak = 885.469 ; gain = 139.977
---------------------------------------------------------------------------------
INFO: [Device 21-403] Loading part xc7z020clg484-1
INFO: [Project 1-570] Preparing netlist for logic optimization

Processing XDC Constraints
Initializing timing engine
Completed Processing XDC Constraints

INFO: [Opt 31-138] Pushed 0 inverter(s) to 0 load pin(s).
Netlist sorting complete. Time (s): cpu = 00:00:00 ; elapsed = 00:00:00 . Memory (MB): peak = 1154.828 ; gain = 0.000
INFO: [Project 1-111] Unisim Transformation Summary:
No Unisim elements were transformed.

RTL Elaboration Complete:  : Time (s): cpu = 00:00:15 ; elapsed = 00:00:11 . Memory (MB): peak = 1267.016 ; gain = 521.523
6 Infos, 0 Warnings, 0 Critical Warnings and 0 Errors encountered.
synth_design completed successfully
synth_design: Time (s): cpu = 00:00:15 ; elapsed = 00:00:11 . Memory (MB): peak = 1267.016 ; gain = 521.523
current_project {Lab_2 2}
synth_design -rtl -name rtl_1
Command: synth_design -rtl -name rtl_1
Starting synth_design
Using part: xc7z020clg484-1
Top: lab_2_DS
---------------------------------------------------------------------------------
Starting RTL Elaboration : Time (s): cpu = 00:00:02 ; elapsed = 00:00:02 . Memory (MB): peak = 1278.566 ; gain = 0.000
---------------------------------------------------------------------------------
INFO: [Synth 8-638] synthesizing module 'lab_2_DS' [C:/Users/ANDRES ESCOBAR/Documents/5to Semestre/Circuitos Digitales/Laboratorios/Lab_2 2/Lab_2 2/Lab_2 2.srcs/sources_1/new/lab_2_DS.vhd:44]
INFO: [Synth 8-256] done synthesizing module 'lab_2_DS' (1#1) [C:/Users/ANDRES ESCOBAR/Documents/5to Semestre/Circuitos Digitales/Laboratorios/Lab_2 2/Lab_2 2/Lab_2 2.srcs/sources_1/new/lab_2_DS.vhd:44]
---------------------------------------------------------------------------------
Finished RTL Elaboration : Time (s): cpu = 00:00:02 ; elapsed = 00:00:02 . Memory (MB): peak = 1297.895 ; gain = 19.328
---------------------------------------------------------------------------------

Report Check Netlist: 
+------+------------------+-------+---------+-------+------------------+
|      |Item              |Errors |Warnings |Status |Description       |
+------+------------------+-------+---------+-------+------------------+
|1     |multi_driven_nets |      0|        0|Passed |Multi driven nets |
+------+------------------+-------+---------+-------+------------------+
---------------------------------------------------------------------------------
Start Handling Custom Attributes
---------------------------------------------------------------------------------
---------------------------------------------------------------------------------
Finished Handling Custom Attributes : Time (s): cpu = 00:00:02 ; elapsed = 00:00:02 . Memory (MB): peak = 1297.895 ; gain = 19.328
---------------------------------------------------------------------------------
---------------------------------------------------------------------------------
Finished RTL Optimization Phase 1 : Time (s): cpu = 00:00:02 ; elapsed = 00:00:02 . Memory (MB): peak = 1297.895 ; gain = 19.328
---------------------------------------------------------------------------------
INFO: [Project 1-570] Preparing netlist for logic optimization

Processing XDC Constraints
Initializing timing engine
Completed Processing XDC Constraints

INFO: [Opt 31-138] Pushed 0 inverter(s) to 0 load pin(s).
Netlist sorting complete. Time (s): cpu = 00:00:00 ; elapsed = 00:00:00 . Memory (MB): peak = 1380.680 ; gain = 0.000
INFO: [Project 1-111] Unisim Transformation Summary:
No Unisim elements were transformed.

RTL Elaboration Complete:  : Time (s): cpu = 00:00:07 ; elapsed = 00:00:04 . Memory (MB): peak = 1429.727 ; gain = 151.160
5 Infos, 0 Warnings, 0 Critical Warnings and 0 Errors encountered.
synth_design completed successfully
update_compile_order -fileset sim_1
launch_simulation
INFO: [Vivado 12-5682] Launching behavioral simulation in 'C:/Users/ANDRES ESCOBAR/Documents/5to Semestre/Circuitos Digitales/Laboratorios/Lab_2 2/Lab_2 2/Lab_2 2.sim/sim_1/behav/xsim'
INFO: [SIM-utils-51] Simulation object is 'sim_1'
INFO: [SIM-utils-54] Inspecting design source files for 'lab2_tb' in fileset 'sim_1'...
INFO: [USF-XSim-97] Finding global include files...
INFO: [USF-XSim-98] Fetching design files from 'sim_1'...
INFO: [USF-XSim-2] XSim::Compile design
INFO: [USF-XSim-61] Executing 'COMPILE and ANALYZE' step in 'C:/Users/ANDRES ESCOBAR/Documents/5to Semestre/Circuitos Digitales/Laboratorios/Lab_2 2/Lab_2 2/Lab_2 2.sim/sim_1/behav/xsim'
"xvhdl --incr --relax -prj lab2_tb_vhdl.prj"
INFO: [VRFC 10-163] Analyzing VHDL file "C:/Users/ANDRES ESCOBAR/Documents/5to Semestre/Circuitos Digitales/Laboratorios/Lab_2 2/Lab_2 2/Lab_2 2.srcs/sources_1/new/lab_2_DS.vhd" into library xil_defaultlib
INFO: [VRFC 10-3107] analyzing entity 'lab_2_DS'
INFO: [VRFC 10-163] Analyzing VHDL file "C:/Users/ANDRES ESCOBAR/Documents/5to Semestre/Circuitos Digitales/Laboratorios/Lab_2 2/Lab_2 2/Lab_2 2.srcs/sim_1/new/lab2_tb.vhd" into library xil_defaultlib
INFO: [VRFC 10-3107] analyzing entity 'lab2_tb'
INFO: [USF-XSim-69] 'compile' step finished in '2' seconds
INFO: [USF-XSim-3] XSim::Elaborate design
INFO: [USF-XSim-61] Executing 'ELABORATE' step in 'C:/Users/ANDRES ESCOBAR/Documents/5to Semestre/Circuitos Digitales/Laboratorios/Lab_2 2/Lab_2 2/Lab_2 2.sim/sim_1/behav/xsim'
Vivado Simulator 2018.3
Copyright 1986-1999, 2001-2018 Xilinx, Inc. All Rights Reserved.
Running: C:/Xilinx/Vivado/2018.3/bin/unwrapped/win64.o/xelab.exe -wto 7933378f2aa24013a4ae5ba62002732d --incr --debug typical --relax --mt 2 -L xil_defaultlib -L secureip --snapshot lab2_tb_behav xil_defaultlib.lab2_tb -log elaborate.log 
Using 2 slave threads.
Starting static elaboration
Completed static elaboration
Starting simulation data flow analysis
Completed simulation data flow analysis
Time Resolution for simulation is 1ps
Compiling package std.standard
Compiling package std.textio
Compiling package ieee.std_logic_1164
Compiling architecture behavioral of entity xil_defaultlib.lab_2_DS [lab_2_ds_default]
Compiling architecture behavioral of entity xil_defaultlib.lab2_tb
Built simulation snapshot lab2_tb_behav

****** Webtalk v2018.3 (64-bit)
  **** SW Build 2405991 on Thu Dec  6 23:38:27 MST 2018
  **** IP Build 2404404 on Fri Dec  7 01:43:56 MST 2018
    ** Copyright 1986-2018 Xilinx, Inc. All Rights Reserved.

source C:/Users/ANDRES -notrace
couldn't read file "C:/Users/ANDRES": no such file or directory
INFO: [Common 17-206] Exiting Webtalk at Fri Aug 19 13:16:07 2022...
INFO: [USF-XSim-69] 'elaborate' step finished in '2' seconds
INFO: [USF-XSim-4] XSim::Simulate design
INFO: [USF-XSim-61] Executing 'SIMULATE' step in 'C:/Users/ANDRES ESCOBAR/Documents/5to Semestre/Circuitos Digitales/Laboratorios/Lab_2 2/Lab_2 2/Lab_2 2.sim/sim_1/behav/xsim'
INFO: [USF-XSim-98] *** Running xsim
   with args "lab2_tb_behav -key {Behavioral:sim_1:Functional:lab2_tb} -tclbatch {lab2_tb.tcl} -log {simulate.log}"
INFO: [USF-XSim-8] Loading simulator feature
Vivado Simulator 2018.3
Time resolution is 1 ps
source lab2_tb.tcl
# set curr_wave [current_wave_config]
# if { [string length $curr_wave] == 0 } {
#   if { [llength [get_objects]] > 0} {
#     add_wave /
#     set_property needs_save false [current_wave_config]
#   } else {
#      send_msg_id Add_Wave-1 WARNING "No top level signals found. Simulator will start without a wave window. If you want to open a wave window go to 'File->New Waveform Configuration' or type 'create_wave_config' in the TCL console."
#   }
# }
# run 1000ns
xsim: Time (s): cpu = 00:00:03 ; elapsed = 00:00:08 . Memory (MB): peak = 1537.141 ; gain = 32.277
INFO: [USF-XSim-96] XSim completed. Design snapshot 'lab2_tb_behav' loaded.
INFO: [USF-XSim-97] XSim simulation ran for 1000ns
launch_simulation: Time (s): cpu = 00:00:04 ; elapsed = 00:00:12 . Memory (MB): peak = 1537.141 ; gain = 32.277
close_sim
INFO: [Simtcl 6-16] Simulation closed
launch_simulation
INFO: [Vivado 12-5682] Launching behavioral simulation in 'C:/Users/ANDRES ESCOBAR/Documents/5to Semestre/Circuitos Digitales/Laboratorios/Lab_2 2/Lab_2 2/Lab_2 2.sim/sim_1/behav/xsim'
INFO: [SIM-utils-51] Simulation object is 'sim_1'
INFO: [SIM-utils-54] Inspecting design source files for 'lab2_tb' in fileset 'sim_1'...
INFO: [USF-XSim-97] Finding global include files...
INFO: [USF-XSim-98] Fetching design files from 'sim_1'...
INFO: [USF-XSim-2] XSim::Compile design
INFO: [USF-XSim-61] Executing 'COMPILE and ANALYZE' step in 'C:/Users/ANDRES ESCOBAR/Documents/5to Semestre/Circuitos Digitales/Laboratorios/Lab_2 2/Lab_2 2/Lab_2 2.sim/sim_1/behav/xsim'
"xvhdl --incr --relax -prj lab2_tb_vhdl.prj"
INFO: [VRFC 10-163] Analyzing VHDL file "C:/Users/ANDRES ESCOBAR/Documents/5to Semestre/Circuitos Digitales/Laboratorios/Lab_2 2/Lab_2 2/Lab_2 2.srcs/sim_1/new/lab2_tb.vhd" into library xil_defaultlib
INFO: [VRFC 10-3107] analyzing entity 'lab2_tb'
INFO: [USF-XSim-69] 'compile' step finished in '2' seconds
INFO: [USF-XSim-3] XSim::Elaborate design
INFO: [USF-XSim-61] Executing 'ELABORATE' step in 'C:/Users/ANDRES ESCOBAR/Documents/5to Semestre/Circuitos Digitales/Laboratorios/Lab_2 2/Lab_2 2/Lab_2 2.sim/sim_1/behav/xsim'
Vivado Simulator 2018.3
Copyright 1986-1999, 2001-2018 Xilinx, Inc. All Rights Reserved.
Running: C:/Xilinx/Vivado/2018.3/bin/unwrapped/win64.o/xelab.exe -wto 7933378f2aa24013a4ae5ba62002732d --incr --debug typical --relax --mt 2 -L xil_defaultlib -L secureip --snapshot lab2_tb_behav xil_defaultlib.lab2_tb -log elaborate.log 
Using 2 slave threads.
Starting static elaboration
Completed static elaboration
Starting simulation data flow analysis
Completed simulation data flow analysis
Time Resolution for simulation is 1ps
Compiling package std.standard
Compiling package std.textio
Compiling package ieee.std_logic_1164
Compiling architecture behavioral of entity xil_defaultlib.lab_2_DS [lab_2_ds_default]
Compiling architecture behavioral of entity xil_defaultlib.lab2_tb
Built simulation snapshot lab2_tb_behav
INFO: [USF-XSim-69] 'elaborate' step finished in '1' seconds
INFO: [USF-XSim-4] XSim::Simulate design
INFO: [USF-XSim-61] Executing 'SIMULATE' step in 'C:/Users/ANDRES ESCOBAR/Documents/5to Semestre/Circuitos Digitales/Laboratorios/Lab_2 2/Lab_2 2/Lab_2 2.sim/sim_1/behav/xsim'
INFO: [USF-XSim-98] *** Running xsim
   with args "lab2_tb_behav -key {Behavioral:sim_1:Functional:lab2_tb} -tclbatch {lab2_tb.tcl} -log {simulate.log}"
INFO: [USF-XSim-8] Loading simulator feature
Vivado Simulator 2018.3
Time resolution is 1 ps
source lab2_tb.tcl
# set curr_wave [current_wave_config]
# if { [string length $curr_wave] == 0 } {
#   if { [llength [get_objects]] > 0} {
#     add_wave /
#     set_property needs_save false [current_wave_config]
#   } else {
#      send_msg_id Add_Wave-1 WARNING "No top level signals found. Simulator will start without a wave window. If you want to open a wave window go to 'File->New Waveform Configuration' or type 'create_wave_config' in the TCL console."
#   }
# }
# run 1000ns
xsim: Time (s): cpu = 00:00:03 ; elapsed = 00:00:07 . Memory (MB): peak = 1552.547 ; gain = 0.000
INFO: [USF-XSim-96] XSim completed. Design snapshot 'lab2_tb_behav' loaded.
INFO: [USF-XSim-97] XSim simulation ran for 1000ns
launch_simulation: Time (s): cpu = 00:00:03 ; elapsed = 00:00:10 . Memory (MB): peak = 1552.547 ; gain = 0.000
current_project project_lab1_Sum
launch_simulation
INFO: [Vivado 12-5682] Launching behavioral simulation in 'C:/Users/ANDRES ESCOBAR/project_lab1_Sum/project_lab1_Sum.sim/sim_1/behav/xsim'
INFO: [SIM-utils-51] Simulation object is 'sim_1'
INFO: [SIM-utils-54] Inspecting design source files for 'lab1_D' in fileset 'sim_1'...
INFO: [USF-XSim-97] Finding global include files...
INFO: [USF-XSim-98] Fetching design files from 'sim_1'...
INFO: [USF-XSim-2] XSim::Compile design
INFO: [USF-XSim-61] Executing 'COMPILE and ANALYZE' step in 'C:/Users/ANDRES ESCOBAR/project_lab1_Sum/project_lab1_Sum.sim/sim_1/behav/xsim'
"xvhdl --incr --relax -prj lab1_D_vhdl.prj"
INFO: [USF-XSim-69] 'compile' step finished in '2' seconds
INFO: [USF-XSim-3] XSim::Elaborate design
INFO: [USF-XSim-61] Executing 'ELABORATE' step in 'C:/Users/ANDRES ESCOBAR/project_lab1_Sum/project_lab1_Sum.sim/sim_1/behav/xsim'
Vivado Simulator 2018.3
Copyright 1986-1999, 2001-2018 Xilinx, Inc. All Rights Reserved.
Running: C:/Xilinx/Vivado/2018.3/bin/unwrapped/win64.o/xelab.exe -wto 8d52dbfec3e44915b7f1d89ed2c15eee --incr --debug typical --relax --mt 2 -L xil_defaultlib -L secureip --snapshot lab1_D_behav xil_defaultlib.lab1_D -log elaborate.log 
Using 2 slave threads.
Starting static elaboration
Completed static elaboration
INFO: [XSIM 43-4323] No Change in HDL. Linking previously generated obj files to create kernel
INFO: [USF-XSim-69] 'elaborate' step finished in '1' seconds
INFO: [USF-XSim-4] XSim::Simulate design
INFO: [USF-XSim-61] Executing 'SIMULATE' step in 'C:/Users/ANDRES ESCOBAR/project_lab1_Sum/project_lab1_Sum.sim/sim_1/behav/xsim'
INFO: [USF-XSim-98] *** Running xsim
   with args "lab1_D_behav -key {Behavioral:sim_1:Functional:lab1_D} -tclbatch {lab1_D.tcl} -log {simulate.log}"
INFO: [USF-XSim-8] Loading simulator feature
Vivado Simulator 2018.3
Time resolution is 1 ps
source lab1_D.tcl
# set curr_wave [current_wave_config]
# if { [string length $curr_wave] == 0 } {
#   if { [llength [get_objects]] > 0} {
#     add_wave /
#     set_property needs_save false [current_wave_config]
#   } else {
#      send_msg_id Add_Wave-1 WARNING "No top level signals found. Simulator will start without a wave window. If you want to open a wave window go to 'File->New Waveform Configuration' or type 'create_wave_config' in the TCL console."
#   }
# }
# run 1000ns
xsim: Time (s): cpu = 00:00:02 ; elapsed = 00:00:08 . Memory (MB): peak = 1552.547 ; gain = 0.000
INFO: [USF-XSim-96] XSim completed. Design snapshot 'lab1_D_behav' loaded.
INFO: [USF-XSim-97] XSim simulation ran for 1000ns
launch_simulation: Time (s): cpu = 00:00:03 ; elapsed = 00:00:11 . Memory (MB): peak = 1552.547 ; gain = 0.000
update_compile_order -fileset sim_1
launch_simulation
INFO: [Vivado 12-5682] Launching behavioral simulation in 'C:/Users/ANDRES ESCOBAR/project_lab1_Sum/project_lab1_Sum.sim/sim_1/behav/xsim'
INFO: [SIM-utils-51] Simulation object is 'sim_1'
INFO: [SIM-utils-54] Inspecting design source files for 'lab1_t' in fileset 'sim_1'...
INFO: [USF-XSim-97] Finding global include files...
INFO: [USF-XSim-98] Fetching design files from 'sim_1'...
INFO: [USF-XSim-2] XSim::Compile design
INFO: [USF-XSim-61] Executing 'COMPILE and ANALYZE' step in 'C:/Users/ANDRES ESCOBAR/project_lab1_Sum/project_lab1_Sum.sim/sim_1/behav/xsim'
"xvhdl --incr --relax -prj lab1_t_vhdl.prj"
INFO: [VRFC 10-163] Analyzing VHDL file "C:/Users/ANDRES ESCOBAR/project_lab1_Sum/project_lab1_Sum.srcs/sources_1/new/lab1_D.vhd" into library xil_defaultlib
INFO: [VRFC 10-3107] analyzing entity 'lab1_D'
INFO: [VRFC 10-163] Analyzing VHDL file "C:/Users/ANDRES ESCOBAR/project_lab1_Sum/project_lab1_Sum.srcs/sim_1/new/lab1_t.vhd" into library xil_defaultlib
INFO: [VRFC 10-3107] analyzing entity 'lab1_t'
INFO: [USF-XSim-69] 'compile' step finished in '1' seconds
INFO: [USF-XSim-3] XSim::Elaborate design
INFO: [USF-XSim-61] Executing 'ELABORATE' step in 'C:/Users/ANDRES ESCOBAR/project_lab1_Sum/project_lab1_Sum.sim/sim_1/behav/xsim'
Vivado Simulator 2018.3
Copyright 1986-1999, 2001-2018 Xilinx, Inc. All Rights Reserved.
Running: C:/Xilinx/Vivado/2018.3/bin/unwrapped/win64.o/xelab.exe -wto 8d52dbfec3e44915b7f1d89ed2c15eee --incr --debug typical --relax --mt 2 -L xil_defaultlib -L secureip --snapshot lab1_t_behav xil_defaultlib.lab1_t -log elaborate.log 
Using 2 slave threads.
Starting static elaboration
Completed static elaboration
Starting simulation data flow analysis
Completed simulation data flow analysis
Time Resolution for simulation is 1ps
Compiling package std.standard
Compiling package std.textio
Compiling package ieee.std_logic_1164
Compiling architecture behavioral of entity xil_defaultlib.lab1_D [lab1_d_default]
Compiling architecture behavioral of entity xil_defaultlib.lab1_t
Built simulation snapshot lab1_t_behav

****** Webtalk v2018.3 (64-bit)
  **** SW Build 2405991 on Thu Dec  6 23:38:27 MST 2018
  **** IP Build 2404404 on Fri Dec  7 01:43:56 MST 2018
    ** Copyright 1986-2018 Xilinx, Inc. All Rights Reserved.

source C:/Users/ANDRES -notrace
couldn't read file "C:/Users/ANDRES": no such file or directory
INFO: [Common 17-206] Exiting Webtalk at Fri Aug 19 13:30:24 2022...
INFO: [USF-XSim-69] 'elaborate' step finished in '2' seconds
INFO: [USF-XSim-4] XSim::Simulate design
INFO: [USF-XSim-61] Executing 'SIMULATE' step in 'C:/Users/ANDRES ESCOBAR/project_lab1_Sum/project_lab1_Sum.sim/sim_1/behav/xsim'
INFO: [USF-XSim-98] *** Running xsim
   with args "lab1_t_behav -key {Behavioral:sim_1:Functional:lab1_t} -tclbatch {lab1_t.tcl} -log {simulate.log}"
INFO: [USF-XSim-8] Loading simulator feature
Vivado Simulator 2018.3
Time resolution is 1 ps
source lab1_t.tcl
# set curr_wave [current_wave_config]
# if { [string length $curr_wave] == 0 } {
#   if { [llength [get_objects]] > 0} {
#     add_wave /
#     set_property needs_save false [current_wave_config]
#   } else {
#      send_msg_id Add_Wave-1 WARNING "No top level signals found. Simulator will start without a wave window. If you want to open a wave window go to 'File->New Waveform Configuration' or type 'create_wave_config' in the TCL console."
#   }
# }
# run 1000ns
xsim: Time (s): cpu = 00:00:01 ; elapsed = 00:00:06 . Memory (MB): peak = 1604.992 ; gain = 6.102
INFO: [USF-XSim-96] XSim completed. Design snapshot 'lab1_t_behav' loaded.
INFO: [USF-XSim-97] XSim simulation ran for 1000ns
launch_simulation: Time (s): cpu = 00:00:01 ; elapsed = 00:00:09 . Memory (MB): peak = 1604.992 ; gain = 6.102
current_project {Lab_2 2}
current_sim simulation_2
close_sim
INFO: [Simtcl 6-16] Simulation closed
close_project
current_sim simulation_4
close_sim
INFO: [Simtcl 6-16] Simulation closed
close_sim
INFO: [Simtcl 6-16] Simulation closed
exit
INFO: [Common 17-206] Exiting Vivado at Fri Aug 19 13:35:53 2022...
