#-----------------------------------------------------------
# Vivado v2018.3 (64-bit)
# SW Build 2405991 on Thu Dec  6 23:38:27 MST 2018
# IP Build 2404404 on Fri Dec  7 01:43:56 MST 2018
# Start of session at: Fri Aug 19 08:36:01 2022
# Process ID: 6128
# Current directory: C:/Users/Rodrigo Herrera/Desktop/Lab_2 2
# Command line: vivado.exe -gui_launcher_event rodinguilauncherevent11956 C:\Users\Rodrigo Herrera\Desktop\Lab_2 2\Lab_2 2.xpr
# Log file: C:/Users/Rodrigo Herrera/Desktop/Lab_2 2/vivado.log
# Journal file: C:/Users/Rodrigo Herrera/Desktop/Lab_2 2\vivado.jou
#-----------------------------------------------------------
start_gui
open_project {C:/Users/Rodrigo Herrera/Desktop/Lab_2 2/Lab_2 2.xpr}
Scanning sources...
Finished scanning sources
INFO: [IP_Flow 19-234] Refreshing IP repositories
INFO: [IP_Flow 19-1704] No user IP repositories specified
INFO: [IP_Flow 19-2313] Loaded Vivado IP repository 'C:/Xilinx/Vivado/2018.3/data/ip'.
update_compile_order -fileset sources_1
update_compile_order -fileset sim_1
exit
INFO: [Common 17-206] Exiting Vivado at Fri Aug 19 08:36:34 2022...
