#-----------------------------------------------------------
# Vivado v2018.3 (64-bit)
# SW Build 2405991 on Thu Dec  6 23:38:27 MST 2018
# IP Build 2404404 on Fri Dec  7 01:43:56 MST 2018
# Start of session at: Mon Nov 28 11:24:05 2022
# Process ID: 21288
# Current directory: C:/Users/Rodrigo Herrera/OneDrive/Escritorio/Laboratorio RAM
# Command line: vivado.exe -gui_launcher_event rodinguilauncherevent12324 C:\Users\Rodrigo Herrera\OneDrive\Escritorio\Laboratorio RAM\Laboratorio RAM.xpr
# Log file: C:/Users/Rodrigo Herrera/OneDrive/Escritorio/Laboratorio RAM/vivado.log
# Journal file: C:/Users/Rodrigo Herrera/OneDrive/Escritorio/Laboratorio RAM\vivado.jou
#-----------------------------------------------------------
start_gui
open_project {C:/Users/Rodrigo Herrera/OneDrive/Escritorio/Laboratorio RAM/Laboratorio RAM.xpr}
Scanning sources...
Finished scanning sources
INFO: [IP_Flow 19-234] Refreshing IP repositories
INFO: [IP_Flow 19-1704] No user IP repositories specified
INFO: [IP_Flow 19-2313] Loaded Vivado IP repository 'C:/Xilinx/Vivado/2018.3/data/ip'.
update_compile_order -fileset sources_1
exit
INFO: [Common 17-206] Exiting Vivado at Mon Nov 28 11:24:33 2022...
