
*** Running vivado
    with args -log Lab_7.vds -m64 -product Vivado -mode batch -messageDb vivado.pb -notrace -source Lab_7.tcl


****** Vivado v2018.3 (64-bit)
  **** SW Build 2405991 on Thu Dec  6 23:38:27 MST 2018
  **** IP Build 2404404 on Fri Dec  7 01:43:56 MST 2018
    ** Copyright 1986-2018 Xilinx, Inc. All Rights Reserved.

source Lab_7.tcl -notrace
Command: synth_design -top Lab_7 -part xc7z020clg484-1
Starting synth_design
Attempting to get a license for feature 'Synthesis' and/or device 'xc7z020'
INFO: [Common 17-349] Got license for feature 'Synthesis' and/or device 'xc7z020'
INFO: Launching helper process for spawning children vivado processes
INFO: Helper process launched with PID 28488 
---------------------------------------------------------------------------------
Starting RTL Elaboration : Time (s): cpu = 00:00:02 ; elapsed = 00:00:02 . Memory (MB): peak = 430.258 ; gain = 97.973
---------------------------------------------------------------------------------
INFO: [Synth 8-638] synthesizing module 'Lab_7' [C:/Users/GATEWAY/Documents/project_7/project_7.srcs/sources_1/new/Lab_7.vhd:14]
INFO: [Synth 8-3491] module 'not_gate' declared at 'C:/Users/GATEWAY/Documents/project_7/project_7.srcs/sources_1/new/not_gate.vhd:4' bound to instance 'utt1' of component 'not_gate' [C:/Users/GATEWAY/Documents/project_7/project_7.srcs/sources_1/new/Lab_7.vhd:46]
INFO: [Synth 8-638] synthesizing module 'not_gate' [C:/Users/GATEWAY/Documents/project_7/project_7.srcs/sources_1/new/not_gate.vhd:9]
INFO: [Synth 8-256] done synthesizing module 'not_gate' (1#1) [C:/Users/GATEWAY/Documents/project_7/project_7.srcs/sources_1/new/not_gate.vhd:9]
INFO: [Synth 8-3491] module 'not_gate' declared at 'C:/Users/GATEWAY/Documents/project_7/project_7.srcs/sources_1/new/not_gate.vhd:4' bound to instance 'utt2' of component 'not_gate' [C:/Users/GATEWAY/Documents/project_7/project_7.srcs/sources_1/new/Lab_7.vhd:47]
INFO: [Synth 8-3491] module 'and_gate2' declared at 'C:/Users/GATEWAY/Documents/project_7/project_7.srcs/sources_1/new/and_gate2.vhd:4' bound to instance 'utt3' of component 'and_gate2' [C:/Users/GATEWAY/Documents/project_7/project_7.srcs/sources_1/new/Lab_7.vhd:48]
INFO: [Synth 8-638] synthesizing module 'and_gate2' [C:/Users/GATEWAY/Documents/project_7/project_7.srcs/sources_1/new/and_gate2.vhd:11]
INFO: [Synth 8-256] done synthesizing module 'and_gate2' (2#1) [C:/Users/GATEWAY/Documents/project_7/project_7.srcs/sources_1/new/and_gate2.vhd:11]
INFO: [Synth 8-3491] module 'and_gate2' declared at 'C:/Users/GATEWAY/Documents/project_7/project_7.srcs/sources_1/new/and_gate2.vhd:4' bound to instance 'utt4' of component 'and_gate2' [C:/Users/GATEWAY/Documents/project_7/project_7.srcs/sources_1/new/Lab_7.vhd:49]
INFO: [Synth 8-3491] module 'and_gate2' declared at 'C:/Users/GATEWAY/Documents/project_7/project_7.srcs/sources_1/new/and_gate2.vhd:4' bound to instance 'utt5' of component 'and_gate2' [C:/Users/GATEWAY/Documents/project_7/project_7.srcs/sources_1/new/Lab_7.vhd:50]
INFO: [Synth 8-3491] module 'and_gate2' declared at 'C:/Users/GATEWAY/Documents/project_7/project_7.srcs/sources_1/new/and_gate2.vhd:4' bound to instance 'utt6' of component 'and_gate2' [C:/Users/GATEWAY/Documents/project_7/project_7.srcs/sources_1/new/Lab_7.vhd:51]
INFO: [Synth 8-3491] module 'or_gate3' declared at 'C:/Users/GATEWAY/Documents/project_7/project_7.srcs/sources_1/new/or_gate3.vhd:4' bound to instance 'utt7' of component 'or_gate3' [C:/Users/GATEWAY/Documents/project_7/project_7.srcs/sources_1/new/Lab_7.vhd:52]
INFO: [Synth 8-638] synthesizing module 'or_gate3' [C:/Users/GATEWAY/Documents/project_7/project_7.srcs/sources_1/new/or_gate3.vhd:12]
INFO: [Synth 8-256] done synthesizing module 'or_gate3' (3#1) [C:/Users/GATEWAY/Documents/project_7/project_7.srcs/sources_1/new/or_gate3.vhd:12]
INFO: [Synth 8-256] done synthesizing module 'Lab_7' (4#1) [C:/Users/GATEWAY/Documents/project_7/project_7.srcs/sources_1/new/Lab_7.vhd:14]
---------------------------------------------------------------------------------
Finished RTL Elaboration : Time (s): cpu = 00:00:03 ; elapsed = 00:00:03 . Memory (MB): peak = 486.172 ; gain = 153.887
---------------------------------------------------------------------------------

Report Check Netlist: 
+------+------------------+-------+---------+-------+------------------+
|      |Item              |Errors |Warnings |Status |Description       |
+------+------------------+-------+---------+-------+------------------+
|1     |multi_driven_nets |      0|        0|Passed |Multi driven nets |
+------+------------------+-------+---------+-------+------------------+
---------------------------------------------------------------------------------
Start Handling Custom Attributes
---------------------------------------------------------------------------------
---------------------------------------------------------------------------------
Finished Handling Custom Attributes : Time (s): cpu = 00:00:03 ; elapsed = 00:00:03 . Memory (MB): peak = 486.172 ; gain = 153.887
---------------------------------------------------------------------------------
---------------------------------------------------------------------------------
Finished RTL Optimization Phase 1 : Time (s): cpu = 00:00:03 ; elapsed = 00:00:03 . Memory (MB): peak = 486.172 ; gain = 153.887
---------------------------------------------------------------------------------
INFO: [Device 21-403] Loading part xc7z020clg484-1
INFO: [Project 1-570] Preparing netlist for logic optimization

Processing XDC Constraints
Initializing timing engine
Parsing XDC File [C:/Users/GATEWAY/Documents/project_7/project_7.srcs/constrs_1/new/lab_7_cons.xdc]
Finished Parsing XDC File [C:/Users/GATEWAY/Documents/project_7/project_7.srcs/constrs_1/new/lab_7_cons.xdc]
INFO: [Project 1-236] Implementation specific constraints were found while reading constraint file [C:/Users/GATEWAY/Documents/project_7/project_7.srcs/constrs_1/new/lab_7_cons.xdc]. These constraints will be ignored for synthesis but will be used in implementation. Impacted constraints are listed in the file [.Xil/Lab_7_propImpl.xdc].
Resolution: To avoid this warning, move constraints listed in [.Xil/Lab_7_propImpl.xdc] to another XDC file and exclude this new file from synthesis with the used_in_synthesis property (File Properties dialog in GUI) and re-run elaboration/synthesis.
Netlist sorting complete. Time (s): cpu = 00:00:00 ; elapsed = 00:00:00 . Memory (MB): peak = 822.137 ; gain = 0.000
Completed Processing XDC Constraints

Netlist sorting complete. Time (s): cpu = 00:00:00 ; elapsed = 00:00:00 . Memory (MB): peak = 822.137 ; gain = 0.000
INFO: [Project 1-111] Unisim Transformation Summary:
No Unisim elements were transformed.

Netlist sorting complete. Time (s): cpu = 00:00:00 ; elapsed = 00:00:00 . Memory (MB): peak = 822.137 ; gain = 0.000
Constraint Validation Runtime : Time (s): cpu = 00:00:00 ; elapsed = 00:00:00.006 . Memory (MB): peak = 822.137 ; gain = 0.000
---------------------------------------------------------------------------------
Finished Constraint Validation : Time (s): cpu = 00:00:10 ; elapsed = 00:00:11 . Memory (MB): peak = 822.137 ; gain = 489.852
---------------------------------------------------------------------------------
---------------------------------------------------------------------------------
Start Loading Part and Timing Information
---------------------------------------------------------------------------------
Loading part: xc7z020clg484-1
---------------------------------------------------------------------------------
Finished Loading Part and Timing Information : Time (s): cpu = 00:00:10 ; elapsed = 00:00:11 . Memory (MB): peak = 822.137 ; gain = 489.852
---------------------------------------------------------------------------------
---------------------------------------------------------------------------------
Start Applying 'set_property' XDC Constraints
---------------------------------------------------------------------------------
---------------------------------------------------------------------------------
Finished applying 'set_property' XDC Constraints : Time (s): cpu = 00:00:10 ; elapsed = 00:00:11 . Memory (MB): peak = 822.137 ; gain = 489.852
---------------------------------------------------------------------------------
---------------------------------------------------------------------------------
Finished RTL Optimization Phase 2 : Time (s): cpu = 00:00:10 ; elapsed = 00:00:11 . Memory (MB): peak = 822.137 ; gain = 489.852
---------------------------------------------------------------------------------

Report RTL Partitions: 
+-+--------------+------------+----------+
| |RTL Partition |Replication |Instances |
+-+--------------+------------+----------+
+-+--------------+------------+----------+
---------------------------------------------------------------------------------
Start RTL Component Statistics 
---------------------------------------------------------------------------------
Detailed RTL Component Info : 
---------------------------------------------------------------------------------
Finished RTL Component Statistics 
---------------------------------------------------------------------------------
---------------------------------------------------------------------------------
Start RTL Hierarchical Component Statistics 
---------------------------------------------------------------------------------
Hierarchical RTL Component report 
---------------------------------------------------------------------------------
Finished RTL Hierarchical Component Statistics
---------------------------------------------------------------------------------
---------------------------------------------------------------------------------
Start Part Resource Summary
---------------------------------------------------------------------------------
Part Resources:
DSPs: 220 (col length:60)
BRAMs: 280 (col length: RAMB18 60 RAMB36 30)
---------------------------------------------------------------------------------
Finished Part Resource Summary
---------------------------------------------------------------------------------
---------------------------------------------------------------------------------
Start Cross Boundary and Area Optimization
---------------------------------------------------------------------------------
Warning: Parallel synthesis criteria is not met 
---------------------------------------------------------------------------------
Finished Cross Boundary and Area Optimization : Time (s): cpu = 00:00:11 ; elapsed = 00:00:12 . Memory (MB): peak = 822.137 ; gain = 489.852
---------------------------------------------------------------------------------

Report RTL Partitions: 
+-+--------------+------------+----------+
| |RTL Partition |Replication |Instances |
+-+--------------+------------+----------+
+-+--------------+------------+----------+
---------------------------------------------------------------------------------
Start Applying XDC Timing Constraints
---------------------------------------------------------------------------------
---------------------------------------------------------------------------------
Finished Applying XDC Timing Constraints : Time (s): cpu = 00:00:19 ; elapsed = 00:00:20 . Memory (MB): peak = 828.590 ; gain = 496.305
---------------------------------------------------------------------------------
---------------------------------------------------------------------------------
Start Timing Optimization
---------------------------------------------------------------------------------
---------------------------------------------------------------------------------
Finished Timing Optimization : Time (s): cpu = 00:00:19 ; elapsed = 00:00:20 . Memory (MB): peak = 828.590 ; gain = 496.305
---------------------------------------------------------------------------------

Report RTL Partitions: 
+-+--------------+------------+----------+
| |RTL Partition |Replication |Instances |
+-+--------------+------------+----------+
+-+--------------+------------+----------+
---------------------------------------------------------------------------------
Start Technology Mapping
---------------------------------------------------------------------------------
---------------------------------------------------------------------------------
Finished Technology Mapping : Time (s): cpu = 00:00:19 ; elapsed = 00:00:20 . Memory (MB): peak = 838.207 ; gain = 505.922
---------------------------------------------------------------------------------

Report RTL Partitions: 
+-+--------------+------------+----------+
| |RTL Partition |Replication |Instances |
+-+--------------+------------+----------+
+-+--------------+------------+----------+
---------------------------------------------------------------------------------
Start IO Insertion
---------------------------------------------------------------------------------
---------------------------------------------------------------------------------
Start Flattening Before IO Insertion
---------------------------------------------------------------------------------
---------------------------------------------------------------------------------
Finished Flattening Before IO Insertion
---------------------------------------------------------------------------------
---------------------------------------------------------------------------------
Start Final Netlist Cleanup
---------------------------------------------------------------------------------
---------------------------------------------------------------------------------
Finished Final Netlist Cleanup
---------------------------------------------------------------------------------
---------------------------------------------------------------------------------
Finished IO Insertion : Time (s): cpu = 00:00:19 ; elapsed = 00:00:20 . Memory (MB): peak = 838.207 ; gain = 505.922
---------------------------------------------------------------------------------

Report Check Netlist: 
+------+------------------+-------+---------+-------+------------------+
|      |Item              |Errors |Warnings |Status |Description       |
+------+------------------+-------+---------+-------+------------------+
|1     |multi_driven_nets |      0|        0|Passed |Multi driven nets |
+------+------------------+-------+---------+-------+------------------+
---------------------------------------------------------------------------------
Start Renaming Generated Instances
---------------------------------------------------------------------------------
---------------------------------------------------------------------------------
Finished Renaming Generated Instances : Time (s): cpu = 00:00:19 ; elapsed = 00:00:20 . Memory (MB): peak = 838.207 ; gain = 505.922
---------------------------------------------------------------------------------

Report RTL Partitions: 
+-+--------------+------------+----------+
| |RTL Partition |Replication |Instances |
+-+--------------+------------+----------+
+-+--------------+------------+----------+
---------------------------------------------------------------------------------
Start Rebuilding User Hierarchy
---------------------------------------------------------------------------------
---------------------------------------------------------------------------------
Finished Rebuilding User Hierarchy : Time (s): cpu = 00:00:19 ; elapsed = 00:00:20 . Memory (MB): peak = 838.207 ; gain = 505.922
---------------------------------------------------------------------------------
---------------------------------------------------------------------------------
Start Renaming Generated Ports
---------------------------------------------------------------------------------
---------------------------------------------------------------------------------
Finished Renaming Generated Ports : Time (s): cpu = 00:00:19 ; elapsed = 00:00:20 . Memory (MB): peak = 838.207 ; gain = 505.922
---------------------------------------------------------------------------------
---------------------------------------------------------------------------------
Start Handling Custom Attributes
---------------------------------------------------------------------------------
---------------------------------------------------------------------------------
Finished Handling Custom Attributes : Time (s): cpu = 00:00:19 ; elapsed = 00:00:20 . Memory (MB): peak = 838.207 ; gain = 505.922
---------------------------------------------------------------------------------
---------------------------------------------------------------------------------
Start Renaming Generated Nets
---------------------------------------------------------------------------------
---------------------------------------------------------------------------------
Finished Renaming Generated Nets : Time (s): cpu = 00:00:19 ; elapsed = 00:00:20 . Memory (MB): peak = 838.207 ; gain = 505.922
---------------------------------------------------------------------------------
---------------------------------------------------------------------------------
Start Writing Synthesis Report
---------------------------------------------------------------------------------

Report BlackBoxes: 
+-+--------------+----------+
| |BlackBox name |Instances |
+-+--------------+----------+
+-+--------------+----------+

Report Cell Usage: 
+------+-----+------+
|      |Cell |Count |
+------+-----+------+
|1     |LUT6 |     1|
|2     |IBUF |     6|
|3     |OBUF |     1|
+------+-----+------+

Report Instance Areas: 
+------+---------+---------+------+
|      |Instance |Module   |Cells |
+------+---------+---------+------+
|1     |top      |         |     8|
|2     |  utt7   |or_gate3 |     1|
+------+---------+---------+------+
---------------------------------------------------------------------------------
Finished Writing Synthesis Report : Time (s): cpu = 00:00:19 ; elapsed = 00:00:20 . Memory (MB): peak = 838.207 ; gain = 505.922
---------------------------------------------------------------------------------
Synthesis finished with 0 errors, 0 critical warnings and 0 warnings.
Synthesis Optimization Runtime : Time (s): cpu = 00:00:11 ; elapsed = 00:00:15 . Memory (MB): peak = 838.207 ; gain = 169.957
Synthesis Optimization Complete : Time (s): cpu = 00:00:19 ; elapsed = 00:00:21 . Memory (MB): peak = 838.207 ; gain = 505.922
INFO: [Project 1-571] Translating synthesized netlist
INFO: [Project 1-570] Preparing netlist for logic optimization
INFO: [Opt 31-138] Pushed 0 inverter(s) to 0 load pin(s).
Netlist sorting complete. Time (s): cpu = 00:00:00 ; elapsed = 00:00:00 . Memory (MB): peak = 847.656 ; gain = 0.000
INFO: [Project 1-111] Unisim Transformation Summary:
No Unisim elements were transformed.

INFO: [Common 17-83] Releasing license: Synthesis
25 Infos, 0 Warnings, 0 Critical Warnings and 0 Errors encountered.
synth_design completed successfully
synth_design: Time (s): cpu = 00:00:21 ; elapsed = 00:00:23 . Memory (MB): peak = 847.672 ; gain = 528.281
Netlist sorting complete. Time (s): cpu = 00:00:00 ; elapsed = 00:00:00 . Memory (MB): peak = 847.672 ; gain = 0.000
WARNING: [Constraints 18-5210] No constraints selected for write.
Resolution: This message can indicate that there are no constraints for the design, or it can indicate that the used_in flags are set such that the constraints are ignored. This later case is used when running synth_design to not write synthesis constraints to the resulting checkpoint. Instead, project constraints are read when the synthesized design is opened.
INFO: [Common 17-1381] The checkpoint 'C:/Users/GATEWAY/Documents/project_7/project_7.runs/synth_1/Lab_7.dcp' has been generated.
INFO: [runtcl-4] Executing : report_utilization -file Lab_7_utilization_synth.rpt -pb Lab_7_utilization_synth.pb
INFO: [Common 17-206] Exiting Vivado at Mon Aug 22 18:23:27 2022...
