#-----------------------------------------------------------
# Vivado v2018.3 (64-bit)
# SW Build 2405991 on Thu Dec  6 23:38:27 MST 2018
# IP Build 2404404 on Fri Dec  7 01:43:56 MST 2018
# Start of session at: Fri Sep  2 13:22:27 2022
# Process ID: 8772
# Current directory: D:/project_lab4_Deco
# Command line: vivado.exe -gui_launcher_event rodinguilauncherevent11248 D:\project_lab4_Deco\project_lab4_Deco.xpr
# Log file: D:/project_lab4_Deco/vivado.log
# Journal file: D:/project_lab4_Deco\vivado.jou
#-----------------------------------------------------------
start_gui
open_project D:/project_lab4_Deco/project_lab4_Deco.xpr
INFO: [Project 1-313] Project file moved from 'C:/Users/ANDRES ESCOBAR/Documents/5to Semestre/Circuitos Digitales/Laboratorios/project_1/project_lab4_Deco' since last save.
Scanning sources...
Finished scanning sources
INFO: [IP_Flow 19-234] Refreshing IP repositories
INFO: [IP_Flow 19-1704] No user IP repositories specified
INFO: [IP_Flow 19-2313] Loaded Vivado IP repository 'C:/Xilinx/Vivado/2018.3/data/ip'.
open_project: Time (s): cpu = 00:00:11 ; elapsed = 00:00:05 . Memory (MB): peak = 735.836 ; gain = 120.039
update_compile_order -fileset sources_1
synth_design -rtl -name rtl_1
Command: synth_design -rtl -name rtl_1
Starting synth_design
Using part: xc7z020clg484-1
Top: lab4_ds
---------------------------------------------------------------------------------
Starting RTL Elaboration : Time (s): cpu = 00:00:02 ; elapsed = 00:00:02 . Memory (MB): peak = 861.594 ; gain = 83.293
---------------------------------------------------------------------------------
INFO: [Synth 8-638] synthesizing module 'lab4_ds' [D:/project_lab4_Deco/project_lab4_Deco.srcs/sources_1/new/lab4_ds.vhd:49]
INFO: [Synth 8-256] done synthesizing module 'lab4_ds' (1#1) [D:/project_lab4_Deco/project_lab4_Deco.srcs/sources_1/new/lab4_ds.vhd:49]
---------------------------------------------------------------------------------
Finished RTL Elaboration : Time (s): cpu = 00:00:02 ; elapsed = 00:00:03 . Memory (MB): peak = 904.645 ; gain = 126.344
---------------------------------------------------------------------------------

Report Check Netlist: 
+------+------------------+-------+---------+-------+------------------+
|      |Item              |Errors |Warnings |Status |Description       |
+------+------------------+-------+---------+-------+------------------+
|1     |multi_driven_nets |      0|        0|Passed |Multi driven nets |
+------+------------------+-------+---------+-------+------------------+
---------------------------------------------------------------------------------
Start Handling Custom Attributes
---------------------------------------------------------------------------------
---------------------------------------------------------------------------------
Finished Handling Custom Attributes : Time (s): cpu = 00:00:02 ; elapsed = 00:00:03 . Memory (MB): peak = 904.645 ; gain = 126.344
---------------------------------------------------------------------------------
---------------------------------------------------------------------------------
Finished RTL Optimization Phase 1 : Time (s): cpu = 00:00:02 ; elapsed = 00:00:03 . Memory (MB): peak = 904.645 ; gain = 126.344
---------------------------------------------------------------------------------
INFO: [Device 21-403] Loading part xc7z020clg484-1
INFO: [Project 1-570] Preparing netlist for logic optimization

Processing XDC Constraints
Initializing timing engine
Parsing XDC File [D:/project_lab4_Deco/project_lab4_Deco.srcs/constrs_1/new/lab4_cons.xdc]
CRITICAL WARNING: [Vivado 12-1411] Cannot set LOC property of ports, Terminal Gout cannot be placed on U22 (IOB_X1Y45) because the pad is already occupied by terminal Fout possibly due to user constraint [D:/project_lab4_Deco/project_lab4_Deco.srcs/constrs_1/new/lab4_cons.xdc:13]
CRITICAL WARNING: [Common 17-69] Command failed: Invalid I/O Standard 'LVCMOS21'. Default I/O Standard is used instead [D:/project_lab4_Deco/project_lab4_Deco.srcs/constrs_1/new/lab4_cons.xdc:22]
CRITICAL WARNING: [Common 17-69] Command failed: Invalid I/O Standard 'LVCMOS21'. Default I/O Standard is used instead [D:/project_lab4_Deco/project_lab4_Deco.srcs/constrs_1/new/lab4_cons.xdc:23]
CRITICAL WARNING: [Common 17-69] Command failed: Invalid I/O Standard 'LVCMOS21'. Default I/O Standard is used instead [D:/project_lab4_Deco/project_lab4_Deco.srcs/constrs_1/new/lab4_cons.xdc:24]
CRITICAL WARNING: [Common 17-69] Command failed: Invalid I/O Standard 'LVCMOS21'. Default I/O Standard is used instead [D:/project_lab4_Deco/project_lab4_Deco.srcs/constrs_1/new/lab4_cons.xdc:25]
CRITICAL WARNING: [Common 17-69] Command failed: Invalid I/O Standard 'LVCMOS21'. Default I/O Standard is used instead [D:/project_lab4_Deco/project_lab4_Deco.srcs/constrs_1/new/lab4_cons.xdc:26]
CRITICAL WARNING: [Common 17-69] Command failed: Invalid I/O Standard 'LVCMOS21'. Default I/O Standard is used instead [D:/project_lab4_Deco/project_lab4_Deco.srcs/constrs_1/new/lab4_cons.xdc:27]
CRITICAL WARNING: [Common 17-69] Command failed: Invalid I/O Standard 'LVCMOS21'. Default I/O Standard is used instead [D:/project_lab4_Deco/project_lab4_Deco.srcs/constrs_1/new/lab4_cons.xdc:28]
Finished Parsing XDC File [D:/project_lab4_Deco/project_lab4_Deco.srcs/constrs_1/new/lab4_cons.xdc]
Completed Processing XDC Constraints

INFO: [Opt 31-138] Pushed 0 inverter(s) to 0 load pin(s).
Netlist sorting complete. Time (s): cpu = 00:00:00 ; elapsed = 00:00:00 . Memory (MB): peak = 1227.426 ; gain = 0.000
INFO: [Project 1-111] Unisim Transformation Summary:
No Unisim elements were transformed.

RTL Elaboration Complete:  : Time (s): cpu = 00:00:17 ; elapsed = 00:00:15 . Memory (MB): peak = 1297.168 ; gain = 518.867
6 Infos, 0 Warnings, 8 Critical Warnings and 0 Errors encountered.
synth_design completed successfully
synth_design: Time (s): cpu = 00:00:17 ; elapsed = 00:00:16 . Memory (MB): peak = 1297.168 ; gain = 518.867
reset_run synth_1
launch_runs synth_1 -jobs 6
[Fri Sep  2 13:29:48 2022] Launched synth_1...
Run output will be captured here: D:/project_lab4_Deco/project_lab4_Deco.runs/synth_1/runme.log
launch_simulation
INFO: [Vivado 12-5682] Launching behavioral simulation in 'D:/project_lab4_Deco/project_lab4_Deco.sim/sim_1/behav/xsim'
INFO: [SIM-utils-51] Simulation object is 'sim_1'
INFO: [SIM-utils-54] Inspecting design source files for 'lab4_tb' in fileset 'sim_1'...
INFO: [USF-XSim-97] Finding global include files...
INFO: [USF-XSim-98] Fetching design files from 'sim_1'...
INFO: [USF-XSim-2] XSim::Compile design
INFO: [USF-XSim-61] Executing 'COMPILE and ANALYZE' step in 'D:/project_lab4_Deco/project_lab4_Deco.sim/sim_1/behav/xsim'
"xvhdl --incr --relax -prj lab4_tb_vhdl.prj"
INFO: [VRFC 10-163] Analyzing VHDL file "D:/project_lab4_Deco/project_lab4_Deco.srcs/sources_1/new/lab4_ds.vhd" into library xil_defaultlib
INFO: [VRFC 10-3107] analyzing entity 'lab4_ds'
INFO: [VRFC 10-163] Analyzing VHDL file "D:/project_lab4_Deco/project_lab4_Deco.srcs/sim_1/new/lab4_tb.vhd" into library xil_defaultlib
INFO: [VRFC 10-3107] analyzing entity 'lab4_tb'
INFO: [USF-XSim-69] 'compile' step finished in '3' seconds
INFO: [USF-XSim-3] XSim::Elaborate design
INFO: [USF-XSim-61] Executing 'ELABORATE' step in 'D:/project_lab4_Deco/project_lab4_Deco.sim/sim_1/behav/xsim'
Vivado Simulator 2018.3
Copyright 1986-1999, 2001-2018 Xilinx, Inc. All Rights Reserved.
Running: C:/Xilinx/Vivado/2018.3/bin/unwrapped/win64.o/xelab.exe -wto 71f76eac9c7543209be7d7a7ce5d5909 --incr --debug typical --relax --mt 2 -L xil_defaultlib -L secureip --snapshot lab4_tb_behav xil_defaultlib.lab4_tb -log elaborate.log 
Using 2 slave threads.
Starting static elaboration
Completed static elaboration
Starting simulation data flow analysis
Completed simulation data flow analysis
Time Resolution for simulation is 1ps
Compiling package std.standard
Compiling package std.textio
Compiling package ieee.std_logic_1164
Compiling architecture behavioral of entity xil_defaultlib.lab4_ds [lab4_ds_default]
Compiling architecture behavioral of entity xil_defaultlib.lab4_tb
Built simulation snapshot lab4_tb_behav
INFO: [USF-XSim-69] 'elaborate' step finished in '4' seconds
INFO: [USF-XSim-4] XSim::Simulate design
INFO: [USF-XSim-61] Executing 'SIMULATE' step in 'D:/project_lab4_Deco/project_lab4_Deco.sim/sim_1/behav/xsim'
INFO: [USF-XSim-98] *** Running xsim
   with args "lab4_tb_behav -key {Behavioral:sim_1:Functional:lab4_tb} -tclbatch {lab4_tb.tcl} -log {simulate.log}"
INFO: [USF-XSim-8] Loading simulator feature
Vivado Simulator 2018.3
Time resolution is 1 ps
source lab4_tb.tcl
# set curr_wave [current_wave_config]
# if { [string length $curr_wave] == 0 } {
#   if { [llength [get_objects]] > 0} {
#     add_wave /
#     set_property needs_save false [current_wave_config]
#   } else {
#      send_msg_id Add_Wave-1 WARNING "No top level signals found. Simulator will start without a wave window. If you want to open a wave window go to 'File->New Waveform Configuration' or type 'create_wave_config' in the TCL console."
#   }
# }
# run 1000ns
INFO: [USF-XSim-96] XSim completed. Design snapshot 'lab4_tb_behav' loaded.
INFO: [USF-XSim-97] XSim simulation ran for 1000ns
launch_simulation: Time (s): cpu = 00:00:06 ; elapsed = 00:00:12 . Memory (MB): peak = 1297.168 ; gain = 0.000
close_sim
INFO: [Simtcl 6-16] Simulation closed
launch_simulation
INFO: [Vivado 12-5682] Launching behavioral simulation in 'D:/project_lab4_Deco/project_lab4_Deco.sim/sim_1/behav/xsim'
INFO: [SIM-utils-51] Simulation object is 'sim_1'
INFO: [SIM-utils-54] Inspecting design source files for 'lab4_tb' in fileset 'sim_1'...
INFO: [USF-XSim-97] Finding global include files...
INFO: [USF-XSim-98] Fetching design files from 'sim_1'...
INFO: [USF-XSim-2] XSim::Compile design
INFO: [USF-XSim-61] Executing 'COMPILE and ANALYZE' step in 'D:/project_lab4_Deco/project_lab4_Deco.sim/sim_1/behav/xsim'
"xvhdl --incr --relax -prj lab4_tb_vhdl.prj"
INFO: [VRFC 10-163] Analyzing VHDL file "D:/project_lab4_Deco/project_lab4_Deco.srcs/sim_1/new/lab4_tb.vhd" into library xil_defaultlib
INFO: [VRFC 10-3107] analyzing entity 'lab4_tb'
INFO: [USF-XSim-69] 'compile' step finished in '1' seconds
INFO: [USF-XSim-3] XSim::Elaborate design
INFO: [USF-XSim-61] Executing 'ELABORATE' step in 'D:/project_lab4_Deco/project_lab4_Deco.sim/sim_1/behav/xsim'
Vivado Simulator 2018.3
Copyright 1986-1999, 2001-2018 Xilinx, Inc. All Rights Reserved.
Running: C:/Xilinx/Vivado/2018.3/bin/unwrapped/win64.o/xelab.exe -wto 71f76eac9c7543209be7d7a7ce5d5909 --incr --debug typical --relax --mt 2 -L xil_defaultlib -L secureip --snapshot lab4_tb_behav xil_defaultlib.lab4_tb -log elaborate.log 
Using 2 slave threads.
Starting static elaboration
Completed static elaboration
Starting simulation data flow analysis
Completed simulation data flow analysis
Time Resolution for simulation is 1ps
Compiling package std.standard
Compiling package std.textio
Compiling package ieee.std_logic_1164
Compiling architecture behavioral of entity xil_defaultlib.lab4_ds [lab4_ds_default]
Compiling architecture behavioral of entity xil_defaultlib.lab4_tb
Built simulation snapshot lab4_tb_behav
INFO: [USF-XSim-69] 'elaborate' step finished in '2' seconds
INFO: [USF-XSim-4] XSim::Simulate design
INFO: [USF-XSim-61] Executing 'SIMULATE' step in 'D:/project_lab4_Deco/project_lab4_Deco.sim/sim_1/behav/xsim'
INFO: [USF-XSim-98] *** Running xsim
   with args "lab4_tb_behav -key {Behavioral:sim_1:Functional:lab4_tb} -tclbatch {lab4_tb.tcl} -log {simulate.log}"
INFO: [USF-XSim-8] Loading simulator feature
Vivado Simulator 2018.3
Time resolution is 1 ps
source lab4_tb.tcl
# set curr_wave [current_wave_config]
# if { [string length $curr_wave] == 0 } {
#   if { [llength [get_objects]] > 0} {
#     add_wave /
#     set_property needs_save false [current_wave_config]
#   } else {
#      send_msg_id Add_Wave-1 WARNING "No top level signals found. Simulator will start without a wave window. If you want to open a wave window go to 'File->New Waveform Configuration' or type 'create_wave_config' in the TCL console."
#   }
# }
# run 1000ns
INFO: [USF-XSim-96] XSim completed. Design snapshot 'lab4_tb_behav' loaded.
INFO: [USF-XSim-97] XSim simulation ran for 1000ns
launch_simulation: Time (s): cpu = 00:00:03 ; elapsed = 00:00:07 . Memory (MB): peak = 1297.168 ; gain = 0.000
close_sim
INFO: [Simtcl 6-16] Simulation closed
launch_simulation
INFO: [Vivado 12-5682] Launching behavioral simulation in 'D:/project_lab4_Deco/project_lab4_Deco.sim/sim_1/behav/xsim'
INFO: [SIM-utils-51] Simulation object is 'sim_1'
INFO: [SIM-utils-54] Inspecting design source files for 'lab4_tb' in fileset 'sim_1'...
INFO: [USF-XSim-97] Finding global include files...
INFO: [USF-XSim-98] Fetching design files from 'sim_1'...
INFO: [USF-XSim-2] XSim::Compile design
INFO: [USF-XSim-61] Executing 'COMPILE and ANALYZE' step in 'D:/project_lab4_Deco/project_lab4_Deco.sim/sim_1/behav/xsim'
"xvhdl --incr --relax -prj lab4_tb_vhdl.prj"
INFO: [VRFC 10-163] Analyzing VHDL file "D:/project_lab4_Deco/project_lab4_Deco.srcs/sim_1/new/lab4_tb.vhd" into library xil_defaultlib
INFO: [VRFC 10-3107] analyzing entity 'lab4_tb'
INFO: [USF-XSim-69] 'compile' step finished in '1' seconds
INFO: [USF-XSim-3] XSim::Elaborate design
INFO: [USF-XSim-61] Executing 'ELABORATE' step in 'D:/project_lab4_Deco/project_lab4_Deco.sim/sim_1/behav/xsim'
Vivado Simulator 2018.3
Copyright 1986-1999, 2001-2018 Xilinx, Inc. All Rights Reserved.
Running: C:/Xilinx/Vivado/2018.3/bin/unwrapped/win64.o/xelab.exe -wto 71f76eac9c7543209be7d7a7ce5d5909 --incr --debug typical --relax --mt 2 -L xil_defaultlib -L secureip --snapshot lab4_tb_behav xil_defaultlib.lab4_tb -log elaborate.log 
Using 2 slave threads.
Starting static elaboration
Completed static elaboration
Starting simulation data flow analysis
Completed simulation data flow analysis
Time Resolution for simulation is 1ps
Compiling package std.standard
Compiling package std.textio
Compiling package ieee.std_logic_1164
Compiling architecture behavioral of entity xil_defaultlib.lab4_ds [lab4_ds_default]
Compiling architecture behavioral of entity xil_defaultlib.lab4_tb
Built simulation snapshot lab4_tb_behav
INFO: [USF-XSim-69] 'elaborate' step finished in '2' seconds
INFO: [USF-XSim-4] XSim::Simulate design
INFO: [USF-XSim-61] Executing 'SIMULATE' step in 'D:/project_lab4_Deco/project_lab4_Deco.sim/sim_1/behav/xsim'
INFO: [USF-XSim-98] *** Running xsim
   with args "lab4_tb_behav -key {Behavioral:sim_1:Functional:lab4_tb} -tclbatch {lab4_tb.tcl} -log {simulate.log}"
INFO: [USF-XSim-8] Loading simulator feature
Vivado Simulator 2018.3
Time resolution is 1 ps
source lab4_tb.tcl
# set curr_wave [current_wave_config]
# if { [string length $curr_wave] == 0 } {
#   if { [llength [get_objects]] > 0} {
#     add_wave /
#     set_property needs_save false [current_wave_config]
#   } else {
#      send_msg_id Add_Wave-1 WARNING "No top level signals found. Simulator will start without a wave window. If you want to open a wave window go to 'File->New Waveform Configuration' or type 'create_wave_config' in the TCL console."
#   }
# }
# run 1000ns
INFO: [USF-XSim-96] XSim completed. Design snapshot 'lab4_tb_behav' loaded.
INFO: [USF-XSim-97] XSim simulation ran for 1000ns
launch_simulation: Time (s): cpu = 00:00:03 ; elapsed = 00:00:07 . Memory (MB): peak = 1297.168 ; gain = 0.000
close_sim
INFO: [Simtcl 6-16] Simulation closed
exit
INFO: [Common 17-206] Exiting Vivado at Fri Sep  2 13:59:45 2022...
