
*** Running vivado
    with args -log comp_ds.vdi -applog -m64 -product Vivado -messageDb vivado.pb -mode batch -source comp_ds.tcl -notrace


****** Vivado v2018.3 (64-bit)
  **** SW Build 2405991 on Thu Dec  6 23:38:27 MST 2018
  **** IP Build 2404404 on Fri Dec  7 01:43:56 MST 2018
    ** Copyright 1986-2018 Xilinx, Inc. All Rights Reserved.

source comp_ds.tcl -notrace
Command: link_design -top comp_ds -part xc7z020clg484-1
Design is defaulting to srcset: sources_1
Design is defaulting to constrset: constrs_1
INFO: [Project 1-479] Netlist was created with Vivado 2018.3
INFO: [Device 21-403] Loading part xc7z020clg484-1
INFO: [Project 1-570] Preparing netlist for logic optimization
Parsing XDC File [C:/Users/ANDRES ESCOBAR/Documents/5to Semestre/Circuitos Digitales/Laboratorios/Lab_2 2/project_lab6_Comp/project_lab6_Comp.srcs/constrs_1/new/comp_cons.xdc]
CRITICAL WARNING: [Vivado 12-1411] Cannot set LOC property of ports, Terminal less_out cannot be placed on U14 (IOB_X1Y0) because the pad is already occupied by terminal less_in possibly due to user constraint [C:/Users/ANDRES ESCOBAR/Documents/5to Semestre/Circuitos Digitales/Laboratorios/Lab_2 2/project_lab6_Comp/project_lab6_Comp.srcs/constrs_1/new/comp_cons.xdc:13]
CRITICAL WARNING: [Vivado 12-1411] Cannot set LOC property of ports, Terminal equal_out cannot be placed on U19 (IOB_X1Y49) because the pad is already occupied by terminal equal_in possibly due to user constraint [C:/Users/ANDRES ESCOBAR/Documents/5to Semestre/Circuitos Digitales/Laboratorios/Lab_2 2/project_lab6_Comp/project_lab6_Comp.srcs/constrs_1/new/comp_cons.xdc:14]
CRITICAL WARNING: [Vivado 12-1411] Cannot set LOC property of ports, Terminal greater_out cannot be placed on W22 (IOB_X1Y43) because the pad is already occupied by terminal greater_in possibly due to user constraint [C:/Users/ANDRES ESCOBAR/Documents/5to Semestre/Circuitos Digitales/Laboratorios/Lab_2 2/project_lab6_Comp/project_lab6_Comp.srcs/constrs_1/new/comp_cons.xdc:15]
Finished Parsing XDC File [C:/Users/ANDRES ESCOBAR/Documents/5to Semestre/Circuitos Digitales/Laboratorios/Lab_2 2/project_lab6_Comp/project_lab6_Comp.srcs/constrs_1/new/comp_cons.xdc]
INFO: [Opt 31-138] Pushed 0 inverter(s) to 0 load pin(s).
CRITICAL WARNING: [Project 1-560] Could not resolve non-primitive black box cell 'nand_gate2' instantiated as 'utt13'. 16 instances of this cell are unresolved black boxes. [C:/Users/ANDRES ESCOBAR/Documents/5to Semestre/Circuitos Digitales/Laboratorios/Lab_2 2/project_lab6_Comp/project_lab6_Comp.srcs/sources_1/new/comp_ds.vhd:163]
CRITICAL WARNING: [Project 1-486] Could not resolve non-primitive black box cell 'nand_gate3' instantiated as 'utt59' [C:/Users/ANDRES ESCOBAR/Documents/5to Semestre/Circuitos Digitales/Laboratorios/Lab_2 2/project_lab6_Comp/project_lab6_Comp.srcs/sources_1/new/comp_ds.vhd:205]
CRITICAL WARNING: [Project 1-560] Could not resolve non-primitive black box cell 'nand_gate5' instantiated as 'utt45'. 2 instances of this cell are unresolved black boxes. [C:/Users/ANDRES ESCOBAR/Documents/5to Semestre/Circuitos Digitales/Laboratorios/Lab_2 2/project_lab6_Comp/project_lab6_Comp.srcs/sources_1/new/comp_ds.vhd:201]
CRITICAL WARNING: [Project 1-560] Could not resolve non-primitive black box cell 'not_gate' instantiated as 'utt1'. 17 instances of this cell are unresolved black boxes. [C:/Users/ANDRES ESCOBAR/Documents/5to Semestre/Circuitos Digitales/Laboratorios/Lab_2 2/project_lab6_Comp/project_lab6_Comp.srcs/sources_1/new/comp_ds.vhd:150]
CRITICAL WARNING: [Project 1-560] Could not resolve non-primitive black box cell 'or_gate2' instantiated as 'utt37'. 2 instances of this cell are unresolved black boxes. [C:/Users/ANDRES ESCOBAR/Documents/5to Semestre/Circuitos Digitales/Laboratorios/Lab_2 2/project_lab6_Comp/project_lab6_Comp.srcs/sources_1/new/comp_ds.vhd:191]
CRITICAL WARNING: [Project 1-560] Could not resolve non-primitive black box cell 'or_gate3' instantiated as 'utt38'. 2 instances of this cell are unresolved black boxes. [C:/Users/ANDRES ESCOBAR/Documents/5to Semestre/Circuitos Digitales/Laboratorios/Lab_2 2/project_lab6_Comp/project_lab6_Comp.srcs/sources_1/new/comp_ds.vhd:192]
CRITICAL WARNING: [Project 1-560] Could not resolve non-primitive black box cell 'or_gate4' instantiated as 'utt39'. 2 instances of this cell are unresolved black boxes. [C:/Users/ANDRES ESCOBAR/Documents/5to Semestre/Circuitos Digitales/Laboratorios/Lab_2 2/project_lab6_Comp/project_lab6_Comp.srcs/sources_1/new/comp_ds.vhd:193]
CRITICAL WARNING: [Project 1-560] Could not resolve non-primitive black box cell 'or_gate5' instantiated as 'utt40'. 2 instances of this cell are unresolved black boxes. [C:/Users/ANDRES ESCOBAR/Documents/5to Semestre/Circuitos Digitales/Laboratorios/Lab_2 2/project_lab6_Comp/project_lab6_Comp.srcs/sources_1/new/comp_ds.vhd:194]
CRITICAL WARNING: [Project 1-560] Could not resolve non-primitive black box cell 'xor_gate2' instantiated as 'utt29'. 8 instances of this cell are unresolved black boxes. [C:/Users/ANDRES ESCOBAR/Documents/5to Semestre/Circuitos Digitales/Laboratorios/Lab_2 2/project_lab6_Comp/project_lab6_Comp.srcs/sources_1/new/comp_ds.vhd:181]
Netlist sorting complete. Time (s): cpu = 00:00:00 ; elapsed = 00:00:00 . Memory (MB): peak = 585.734 ; gain = 0.000
INFO: [Project 1-111] Unisim Transformation Summary:
No Unisim elements were transformed.

5 Infos, 0 Warnings, 12 Critical Warnings and 0 Errors encountered.
link_design completed successfully
link_design: Time (s): cpu = 00:00:05 ; elapsed = 00:00:06 . Memory (MB): peak = 589.762 ; gain = 324.402
Command: opt_design
Attempting to get a license for feature 'Implementation' and/or device 'xc7z020'
INFO: [Common 17-349] Got license for feature 'Implementation' and/or device 'xc7z020'
Running DRC as a precondition to command opt_design

Starting DRC Task
INFO: [DRC 23-27] Running DRC with 2 threads
ERROR: [DRC INBB-3] Black Box Instances: Cell 'utt1' of type 'not_gate' has undefined contents and is considered a black box.  The contents of this cell must be defined for opt_design to complete successfully.
ERROR: [DRC INBB-3] Black Box Instances: Cell 'utt10' of type 'not_gate' has undefined contents and is considered a black box.  The contents of this cell must be defined for opt_design to complete successfully.
ERROR: [DRC INBB-3] Black Box Instances: Cell 'utt11' of type 'not_gate' has undefined contents and is considered a black box.  The contents of this cell must be defined for opt_design to complete successfully.
ERROR: [DRC INBB-3] Black Box Instances: Cell 'utt12' of type 'not_gate' has undefined contents and is considered a black box.  The contents of this cell must be defined for opt_design to complete successfully.
ERROR: [DRC INBB-3] Black Box Instances: Cell 'utt13' of type 'nand_gate2' has undefined contents and is considered a black box.  The contents of this cell must be defined for opt_design to complete successfully.
ERROR: [DRC INBB-3] Black Box Instances: Cell 'utt14' of type 'nand_gate2' has undefined contents and is considered a black box.  The contents of this cell must be defined for opt_design to complete successfully.
ERROR: [DRC INBB-3] Black Box Instances: Cell 'utt15' of type 'nand_gate2' has undefined contents and is considered a black box.  The contents of this cell must be defined for opt_design to complete successfully.
ERROR: [DRC INBB-3] Black Box Instances: Cell 'utt16' of type 'nand_gate2' has undefined contents and is considered a black box.  The contents of this cell must be defined for opt_design to complete successfully.
ERROR: [DRC INBB-3] Black Box Instances: Cell 'utt17' of type 'nand_gate2' has undefined contents and is considered a black box.  The contents of this cell must be defined for opt_design to complete successfully.
ERROR: [DRC INBB-3] Black Box Instances: Cell 'utt18' of type 'nand_gate2' has undefined contents and is considered a black box.  The contents of this cell must be defined for opt_design to complete successfully.
ERROR: [DRC INBB-3] Black Box Instances: Cell 'utt19' of type 'nand_gate2' has undefined contents and is considered a black box.  The contents of this cell must be defined for opt_design to complete successfully.
ERROR: [DRC INBB-3] Black Box Instances: Cell 'utt2' of type 'not_gate' has undefined contents and is considered a black box.  The contents of this cell must be defined for opt_design to complete successfully.
ERROR: [DRC INBB-3] Black Box Instances: Cell 'utt20' of type 'nand_gate2' has undefined contents and is considered a black box.  The contents of this cell must be defined for opt_design to complete successfully.
ERROR: [DRC INBB-3] Black Box Instances: Cell 'utt21' of type 'nand_gate2' has undefined contents and is considered a black box.  The contents of this cell must be defined for opt_design to complete successfully.
ERROR: [DRC INBB-3] Black Box Instances: Cell 'utt22' of type 'nand_gate2' has undefined contents and is considered a black box.  The contents of this cell must be defined for opt_design to complete successfully.
ERROR: [DRC INBB-3] Black Box Instances: Cell 'utt23' of type 'nand_gate2' has undefined contents and is considered a black box.  The contents of this cell must be defined for opt_design to complete successfully.
ERROR: [DRC INBB-3] Black Box Instances: Cell 'utt24' of type 'nand_gate2' has undefined contents and is considered a black box.  The contents of this cell must be defined for opt_design to complete successfully.
ERROR: [DRC INBB-3] Black Box Instances: Cell 'utt25' of type 'nand_gate2' has undefined contents and is considered a black box.  The contents of this cell must be defined for opt_design to complete successfully.
ERROR: [DRC INBB-3] Black Box Instances: Cell 'utt26' of type 'nand_gate2' has undefined contents and is considered a black box.  The contents of this cell must be defined for opt_design to complete successfully.
ERROR: [DRC INBB-3] Black Box Instances: Cell 'utt27' of type 'nand_gate2' has undefined contents and is considered a black box.  The contents of this cell must be defined for opt_design to complete successfully.
ERROR: [DRC INBB-3] Black Box Instances: Cell 'utt28' of type 'nand_gate2' has undefined contents and is considered a black box.  The contents of this cell must be defined for opt_design to complete successfully.
ERROR: [DRC INBB-3] Black Box Instances: Cell 'utt29' of type 'xor_gate2' has undefined contents and is considered a black box.  The contents of this cell must be defined for opt_design to complete successfully.
ERROR: [DRC INBB-3] Black Box Instances: Cell 'utt3' of type 'not_gate' has undefined contents and is considered a black box.  The contents of this cell must be defined for opt_design to complete successfully.
ERROR: [DRC INBB-3] Black Box Instances: Cell 'utt30' of type 'xor_gate2' has undefined contents and is considered a black box.  The contents of this cell must be defined for opt_design to complete successfully.
ERROR: [DRC INBB-3] Black Box Instances: Cell 'utt31' of type 'xor_gate2' has undefined contents and is considered a black box.  The contents of this cell must be defined for opt_design to complete successfully.
ERROR: [DRC INBB-3] Black Box Instances: Cell 'utt32' of type 'xor_gate2' has undefined contents and is considered a black box.  The contents of this cell must be defined for opt_design to complete successfully.
ERROR: [DRC INBB-3] Black Box Instances: Cell 'utt33' of type 'xor_gate2' has undefined contents and is considered a black box.  The contents of this cell must be defined for opt_design to complete successfully.
ERROR: [DRC INBB-3] Black Box Instances: Cell 'utt34' of type 'xor_gate2' has undefined contents and is considered a black box.  The contents of this cell must be defined for opt_design to complete successfully.
ERROR: [DRC INBB-3] Black Box Instances: Cell 'utt35' of type 'xor_gate2' has undefined contents and is considered a black box.  The contents of this cell must be defined for opt_design to complete successfully.
ERROR: [DRC INBB-3] Black Box Instances: Cell 'utt36' of type 'xor_gate2' has undefined contents and is considered a black box.  The contents of this cell must be defined for opt_design to complete successfully.
ERROR: [DRC INBB-3] Black Box Instances: Cell 'utt37' of type 'or_gate2' has undefined contents and is considered a black box.  The contents of this cell must be defined for opt_design to complete successfully.
ERROR: [DRC INBB-3] Black Box Instances: Cell 'utt38' of type 'or_gate3' has undefined contents and is considered a black box.  The contents of this cell must be defined for opt_design to complete successfully.
ERROR: [DRC INBB-3] Black Box Instances: Cell 'utt39' of type 'or_gate4' has undefined contents and is considered a black box.  The contents of this cell must be defined for opt_design to complete successfully.
ERROR: [DRC INBB-3] Black Box Instances: Cell 'utt4' of type 'not_gate' has undefined contents and is considered a black box.  The contents of this cell must be defined for opt_design to complete successfully.
ERROR: [DRC INBB-3] Black Box Instances: Cell 'utt40' of type 'or_gate5' has undefined contents and is considered a black box.  The contents of this cell must be defined for opt_design to complete successfully.
ERROR: [DRC INBB-3] Black Box Instances: Cell 'utt41' of type 'or_gate2' has undefined contents and is considered a black box.  The contents of this cell must be defined for opt_design to complete successfully.
ERROR: [DRC INBB-3] Black Box Instances: Cell 'utt42' of type 'or_gate3' has undefined contents and is considered a black box.  The contents of this cell must be defined for opt_design to complete successfully.
ERROR: [DRC INBB-3] Black Box Instances: Cell 'utt43' of type 'or_gate4' has undefined contents and is considered a black box.  The contents of this cell must be defined for opt_design to complete successfully.
ERROR: [DRC INBB-3] Black Box Instances: Cell 'utt44' of type 'or_gate5' has undefined contents and is considered a black box.  The contents of this cell must be defined for opt_design to complete successfully.
ERROR: [DRC INBB-3] Black Box Instances: Cell 'utt45' of type 'nand_gate5' has undefined contents and is considered a black box.  The contents of this cell must be defined for opt_design to complete successfully.
ERROR: [DRC INBB-3] Black Box Instances: Cell 'utt46' of type 'nand_gate5' has undefined contents and is considered a black box.  The contents of this cell must be defined for opt_design to complete successfully.
ERROR: [DRC INBB-3] Black Box Instances: Cell 'utt47' of type 'not_gate' has undefined contents and is considered a black box.  The contents of this cell must be defined for opt_design to complete successfully.
ERROR: [DRC INBB-3] Black Box Instances: Cell 'utt48' of type 'not_gate' has undefined contents and is considered a black box.  The contents of this cell must be defined for opt_design to complete successfully.
ERROR: [DRC INBB-3] Black Box Instances: Cell 'utt5' of type 'not_gate' has undefined contents and is considered a black box.  The contents of this cell must be defined for opt_design to complete successfully.
ERROR: [DRC INBB-3] Black Box Instances: Cell 'utt50' of type 'not_gate' has undefined contents and is considered a black box.  The contents of this cell must be defined for opt_design to complete successfully.
ERROR: [DRC INBB-3] Black Box Instances: Cell 'utt51' of type 'not_gate' has undefined contents and is considered a black box.  The contents of this cell must be defined for opt_design to complete successfully.
ERROR: [DRC INBB-3] Black Box Instances: Cell 'utt52' of type 'not_gate' has undefined contents and is considered a black box.  The contents of this cell must be defined for opt_design to complete successfully.
ERROR: [DRC INBB-3] Black Box Instances: Cell 'utt59' of type 'nand_gate3' has undefined contents and is considered a black box.  The contents of this cell must be defined for opt_design to complete successfully.
ERROR: [DRC INBB-3] Black Box Instances: Cell 'utt6' of type 'not_gate' has undefined contents and is considered a black box.  The contents of this cell must be defined for opt_design to complete successfully.
ERROR: [DRC INBB-3] Black Box Instances: Cell 'utt7' of type 'not_gate' has undefined contents and is considered a black box.  The contents of this cell must be defined for opt_design to complete successfully.
ERROR: [DRC INBB-3] Black Box Instances: Cell 'utt8' of type 'not_gate' has undefined contents and is considered a black box.  The contents of this cell must be defined for opt_design to complete successfully.
ERROR: [DRC INBB-3] Black Box Instances: Cell 'utt9' of type 'not_gate' has undefined contents and is considered a black box.  The contents of this cell must be defined for opt_design to complete successfully.
INFO: [Project 1-461] DRC finished with 52 Errors
INFO: [Project 1-462] Please refer to the DRC report (report_drc) for more information.
ERROR: [Vivado_Tcl 4-78] Error(s) found during DRC. Opt_design not run.

Time (s): cpu = 00:00:00 ; elapsed = 00:00:00.089 . Memory (MB): peak = 589.992 ; gain = 0.230
INFO: [Common 17-83] Releasing license: Implementation
10 Infos, 0 Warnings, 12 Critical Warnings and 53 Errors encountered.
opt_design failed
ERROR: [Common 17-39] 'opt_design' failed due to earlier errors.

INFO: [Common 17-206] Exiting Vivado at Tue Sep 13 11:04:21 2022...
